11:33:57.410 INFO  NativeLibraryLoader - Loading libgkl_compression.so from jar:file:/ssu/gassu/software/gatk/4.2.5.0/gatk-package-4.2.5.0-local.jar!/com/intel/gkl/native/libgkl_compression.so
Feb 03, 2026 11:33:57 AM shaded.cloud_nio.com.google.auth.oauth2.ComputeEngineCredentials runningOnComputeEngine
INFO: Failed to detect whether we are running on Google Compute Engine.
11:33:57.528 INFO  HaplotypeCaller - ------------------------------------------------------------
11:33:57.528 INFO  HaplotypeCaller - The Genome Analysis Toolkit (GATK) v4.2.5.0
11:33:57.528 INFO  HaplotypeCaller - For support and documentation go to https://software.broadinstitute.org/gatk/
11:33:57.528 INFO  HaplotypeCaller - Executing as bruno.ariano@cnode31 on Linux v4.18.0-477.13.1.el8_8.x86_64 amd64
11:33:57.528 INFO  HaplotypeCaller - Java runtime: OpenJDK 64-Bit Server VM v17.0.10+7
11:33:57.528 INFO  HaplotypeCaller - Start Date/Time: February 3, 2026 at 11:33:57 AM CET
11:33:57.528 INFO  HaplotypeCaller - ------------------------------------------------------------
11:33:57.529 INFO  HaplotypeCaller - ------------------------------------------------------------
11:33:57.529 INFO  HaplotypeCaller - HTSJDK Version: 2.24.1
11:33:57.529 INFO  HaplotypeCaller - Picard Version: 2.25.4
11:33:57.529 INFO  HaplotypeCaller - Built for Spark Version: 2.4.5
11:33:57.529 INFO  HaplotypeCaller - HTSJDK Defaults.COMPRESSION_LEVEL : 2
11:33:57.529 INFO  HaplotypeCaller - HTSJDK Defaults.USE_ASYNC_IO_READ_FOR_SAMTOOLS : false
11:33:57.529 INFO  HaplotypeCaller - HTSJDK Defaults.USE_ASYNC_IO_WRITE_FOR_SAMTOOLS : true
11:33:57.529 INFO  HaplotypeCaller - HTSJDK Defaults.USE_ASYNC_IO_WRITE_FOR_TRIBBLE : false
11:33:57.529 INFO  HaplotypeCaller - Deflater: IntelDeflater
11:33:57.529 INFO  HaplotypeCaller - Inflater: IntelInflater
11:33:57.530 INFO  HaplotypeCaller - GCS max retries/reopens: 20
11:33:57.530 INFO  HaplotypeCaller - Requester pays: disabled
11:33:57.530 INFO  HaplotypeCaller - Initializing engine
11:33:57.704 INFO  FeatureManager - Using codec BEDCodec to read file file:///home/bruno.ariano/varcall_training/2026/hands-on/varcall_day3/solutions/../chr20_teaching_genes_10kbflank.bed
11:33:57.711 INFO  IntervalArgumentCollection - Processing 1905065 bp from intervals
11:33:57.717 INFO  HaplotypeCaller - Done initializing engine
11:33:57.718 INFO  HaplotypeCallerEngine - Tool is in reference confidence mode and the annotation, the following changes will be made to any specified annotations: 'StrandBiasBySample' will be enabled. 'ChromosomeCounts', 'FisherStrand', 'StrandOddsRatio' and 'QualByDepth' annotations have been disabled
11:33:57.725 INFO  HaplotypeCallerEngine - Standard Emitting and Calling confidence set to 0.0 for reference-model confidence output
11:33:57.726 INFO  HaplotypeCallerEngine - All sites annotated with PLs forced to true for reference-model confidence output
11:33:57.735 INFO  NativeLibraryLoader - Loading libgkl_utils.so from jar:file:/ssu/gassu/software/gatk/4.2.5.0/gatk-package-4.2.5.0-local.jar!/com/intel/gkl/native/libgkl_utils.so
11:33:57.736 INFO  NativeLibraryLoader - Loading libgkl_pairhmm_omp.so from jar:file:/ssu/gassu/software/gatk/4.2.5.0/gatk-package-4.2.5.0-local.jar!/com/intel/gkl/native/libgkl_pairhmm_omp.so
11:33:57.756 INFO  IntelPairHmm - Using CPU-supported AVX-512 instructions
11:33:57.756 INFO  IntelPairHmm - Flush-to-zero (FTZ) is enabled when running PairHMM
11:33:57.756 INFO  IntelPairHmm - Available threads: 4
11:33:57.756 INFO  IntelPairHmm - Requested threads: 4
11:33:57.757 INFO  PairHMM - Using the OpenMP multi-threaded AVX-accelerated native PairHMM implementation
11:33:57.830 INFO  ProgressMeter - Starting traversal
11:33:57.830 INFO  ProgressMeter -        Current Locus  Elapsed Minutes     Regions Processed   Regions/Minute
11:33:58.277 WARN  InbreedingCoeff - InbreedingCoeff will not be calculated at position chr20:1883721 and possibly subsequent; at least 10 samples must have called genotypes
11:34:07.877 INFO  ProgressMeter -       chr20:32369779              0.2                  1040           6210.8
11:34:17.881 INFO  ProgressMeter -       chr20:42297523              0.3                  2720           8139.2
11:34:27.891 INFO  ProgressMeter -       chr20:42607011              0.5                  4250           8482.8
11:34:37.921 INFO  ProgressMeter -       chr20:42933592              0.7                  5850           8755.1
11:34:47.982 INFO  ProgressMeter -       chr20:44438837              0.8                  7500           8972.9
11:34:57.425 INFO  HaplotypeCaller - 338 read(s) filtered by: MappingQualityReadFilter 
0 read(s) filtered by: MappingQualityAvailableReadFilter 
0 read(s) filtered by: MappedReadFilter 
0 read(s) filtered by: NotSecondaryAlignmentReadFilter 
0 read(s) filtered by: NotDuplicateReadFilter 
0 read(s) filtered by: PassesVendorQualityCheckReadFilter 
0 read(s) filtered by: NonZeroReferenceLengthAlignmentReadFilter 
0 read(s) filtered by: GoodCigarReadFilter 
0 read(s) filtered by: WellformedReadFilter 
338 total reads filtered
11:34:57.425 INFO  ProgressMeter -       chr20:58919766              1.0                  8979           9040.0
11:34:57.426 INFO  ProgressMeter - Traversal complete. Processed 8979 total regions in 1.0 minutes.
11:34:57.449 INFO  VectorLoglessPairHMM - Time spent in setup for JNI call : 0.07369653100000001
11:34:57.449 INFO  PairHMM - Total compute time in PairHMM computeLogLikelihoods() : 4.506687676
11:34:57.449 INFO  SmithWatermanAligner - Total compute time in java Smith-Waterman : 5.58 sec
11:34:57.449 INFO  HaplotypeCaller - Shutting down engine
[February 3, 2026 at 11:34:57 AM CET] org.broadinstitute.hellbender.tools.walkers.haplotypecaller.HaplotypeCaller done. Elapsed time: 1.00 minutes.
Runtime.totalMemory()=620756992
Using GATK jar /ssu/gassu/software/gatk/4.2.5.0/gatk-package-4.2.5.0-local.jar
Running:
    java -Dsamjdk.use_async_io_read_samtools=false -Dsamjdk.use_async_io_write_samtools=true -Dsamjdk.use_async_io_write_tribble=false -Dsamjdk.compression_level=2 -Xmx7g -jar /ssu/gassu/software/gatk/4.2.5.0/gatk-package-4.2.5.0-local.jar HaplotypeCaller -I ../bam_files/HG003.chr20.subset.rg.smaller.bam -R ../../references/chr20.fa -ERC GVCF -L ../chr20_teaching_genes_10kbflank.bed -O gvcf_files/HG003.g.vcf.gz
