11:34:59.015 INFO  NativeLibraryLoader - Loading libgkl_compression.so from jar:file:/ssu/gassu/software/gatk/4.2.5.0/gatk-package-4.2.5.0-local.jar!/com/intel/gkl/native/libgkl_compression.so
Feb 03, 2026 11:34:59 AM shaded.cloud_nio.com.google.auth.oauth2.ComputeEngineCredentials runningOnComputeEngine
INFO: Failed to detect whether we are running on Google Compute Engine.
11:34:59.134 INFO  HaplotypeCaller - ------------------------------------------------------------
11:34:59.134 INFO  HaplotypeCaller - The Genome Analysis Toolkit (GATK) v4.2.5.0
11:34:59.134 INFO  HaplotypeCaller - For support and documentation go to https://software.broadinstitute.org/gatk/
11:34:59.134 INFO  HaplotypeCaller - Executing as bruno.ariano@cnode31 on Linux v4.18.0-477.13.1.el8_8.x86_64 amd64
11:34:59.134 INFO  HaplotypeCaller - Java runtime: OpenJDK 64-Bit Server VM v17.0.10+7
11:34:59.134 INFO  HaplotypeCaller - Start Date/Time: February 3, 2026 at 11:34:58 AM CET
11:34:59.134 INFO  HaplotypeCaller - ------------------------------------------------------------
11:34:59.134 INFO  HaplotypeCaller - ------------------------------------------------------------
11:34:59.135 INFO  HaplotypeCaller - HTSJDK Version: 2.24.1
11:34:59.135 INFO  HaplotypeCaller - Picard Version: 2.25.4
11:34:59.135 INFO  HaplotypeCaller - Built for Spark Version: 2.4.5
11:34:59.135 INFO  HaplotypeCaller - HTSJDK Defaults.COMPRESSION_LEVEL : 2
11:34:59.135 INFO  HaplotypeCaller - HTSJDK Defaults.USE_ASYNC_IO_READ_FOR_SAMTOOLS : false
11:34:59.135 INFO  HaplotypeCaller - HTSJDK Defaults.USE_ASYNC_IO_WRITE_FOR_SAMTOOLS : true
11:34:59.135 INFO  HaplotypeCaller - HTSJDK Defaults.USE_ASYNC_IO_WRITE_FOR_TRIBBLE : false
11:34:59.135 INFO  HaplotypeCaller - Deflater: IntelDeflater
11:34:59.135 INFO  HaplotypeCaller - Inflater: IntelInflater
11:34:59.135 INFO  HaplotypeCaller - GCS max retries/reopens: 20
11:34:59.135 INFO  HaplotypeCaller - Requester pays: disabled
11:34:59.136 INFO  HaplotypeCaller - Initializing engine
11:34:59.323 INFO  FeatureManager - Using codec BEDCodec to read file file:///home/bruno.ariano/varcall_training/2026/hands-on/varcall_day3/solutions/../chr20_teaching_genes_10kbflank.bed
11:34:59.329 INFO  IntervalArgumentCollection - Processing 1905065 bp from intervals
11:34:59.342 INFO  HaplotypeCaller - Done initializing engine
11:34:59.343 INFO  HaplotypeCallerEngine - Tool is in reference confidence mode and the annotation, the following changes will be made to any specified annotations: 'StrandBiasBySample' will be enabled. 'ChromosomeCounts', 'FisherStrand', 'StrandOddsRatio' and 'QualByDepth' annotations have been disabled
11:34:59.350 INFO  HaplotypeCallerEngine - Standard Emitting and Calling confidence set to 0.0 for reference-model confidence output
11:34:59.350 INFO  HaplotypeCallerEngine - All sites annotated with PLs forced to true for reference-model confidence output
11:34:59.358 INFO  NativeLibraryLoader - Loading libgkl_utils.so from jar:file:/ssu/gassu/software/gatk/4.2.5.0/gatk-package-4.2.5.0-local.jar!/com/intel/gkl/native/libgkl_utils.so
11:34:59.359 INFO  NativeLibraryLoader - Loading libgkl_pairhmm_omp.so from jar:file:/ssu/gassu/software/gatk/4.2.5.0/gatk-package-4.2.5.0-local.jar!/com/intel/gkl/native/libgkl_pairhmm_omp.so
11:34:59.379 INFO  IntelPairHmm - Using CPU-supported AVX-512 instructions
11:34:59.379 INFO  IntelPairHmm - Flush-to-zero (FTZ) is enabled when running PairHMM
11:34:59.379 INFO  IntelPairHmm - Available threads: 4
11:34:59.379 INFO  IntelPairHmm - Requested threads: 4
11:34:59.379 INFO  PairHMM - Using the OpenMP multi-threaded AVX-accelerated native PairHMM implementation
11:34:59.439 INFO  ProgressMeter - Starting traversal
11:34:59.439 INFO  ProgressMeter -        Current Locus  Elapsed Minutes     Regions Processed   Regions/Minute
11:34:59.782 WARN  InbreedingCoeff - InbreedingCoeff will not be calculated at position chr20:1882863 and possibly subsequent; at least 10 samples must have called genotypes
11:35:09.470 INFO  ProgressMeter -       chr20:32360441              0.2                  1030           6161.5
11:35:10.941 WARN  DepthPerSampleHC - Annotation will not be calculated at position chr20:32397250 and possibly subsequent; genotype for sample HG002 is not called
11:35:10.942 WARN  StrandBiasBySample - Annotation will not be calculated at position chr20:32397250 and possibly subsequent; genotype for sample HG002 is not called
11:35:19.519 INFO  ProgressMeter -       chr20:42217671              0.3                  2520           7529.9
11:35:29.559 INFO  ProgressMeter -       chr20:42569032              0.5                  4090           8147.4
11:35:39.564 INFO  ProgressMeter -       chr20:42937467              0.7                  5730           8568.2
11:35:49.591 INFO  ProgressMeter -       chr20:44426569              0.8                  7270           8697.6
11:35:59.606 INFO  ProgressMeter -       chr20:58898357              1.0                  8690           8665.9
11:36:00.268 INFO  HaplotypeCaller - 351 read(s) filtered by: MappingQualityReadFilter 
0 read(s) filtered by: MappingQualityAvailableReadFilter 
0 read(s) filtered by: MappedReadFilter 
0 read(s) filtered by: NotSecondaryAlignmentReadFilter 
0 read(s) filtered by: NotDuplicateReadFilter 
0 read(s) filtered by: PassesVendorQualityCheckReadFilter 
0 read(s) filtered by: NonZeroReferenceLengthAlignmentReadFilter 
0 read(s) filtered by: GoodCigarReadFilter 
0 read(s) filtered by: WellformedReadFilter 
351 total reads filtered
11:36:00.269 INFO  ProgressMeter -       chr20:58918479              1.0                  8789           8669.1
11:36:00.269 INFO  ProgressMeter - Traversal complete. Processed 8789 total regions in 1.0 minutes.
11:36:00.285 INFO  VectorLoglessPairHMM - Time spent in setup for JNI call : 0.088190456
11:36:00.285 INFO  PairHMM - Total compute time in PairHMM computeLogLikelihoods() : 4.3294404890000004
11:36:00.285 INFO  SmithWatermanAligner - Total compute time in java Smith-Waterman : 5.20 sec
11:36:00.285 INFO  HaplotypeCaller - Shutting down engine
[February 3, 2026 at 11:36:00 AM CET] org.broadinstitute.hellbender.tools.walkers.haplotypecaller.HaplotypeCaller done. Elapsed time: 1.02 minutes.
Runtime.totalMemory()=637534208
Using GATK jar /ssu/gassu/software/gatk/4.2.5.0/gatk-package-4.2.5.0-local.jar
Running:
    java -Dsamjdk.use_async_io_read_samtools=false -Dsamjdk.use_async_io_write_samtools=true -Dsamjdk.use_async_io_write_tribble=false -Dsamjdk.compression_level=2 -Xmx7g -jar /ssu/gassu/software/gatk/4.2.5.0/gatk-package-4.2.5.0-local.jar HaplotypeCaller -I ../bam_files/HG002.chr20.subset.rg.smaller.bam -R ../../references/chr20.fa -ERC GVCF -L ../chr20_teaching_genes_10kbflank.bed -O gvcf_files/HG002.g.vcf.gz
